app/build/intermediates/manifest_merge_blame_file/debug/manifest-merger-blame-debug-report.txt
1<?xml version="1.0" encoding="utf-8"?>
2<manifest xmlns:android="http://schemas.android.com/apk/res/android"
3    package="com.fdu.todolist"
4    android:versionCode="1"
5    android:versionName="1.0" >
6
7    <uses-sdk
8        android:minSdkVersion="15"
8-->src/main/AndroidManifest.xml
9        android:targetSdkVersion="31" />
9-->src/main/AndroidManifest.xml
10
11    <uses-permission android:name="android.permission.WRITE_EXTERNAL_STORAGE" />
11-->src/main/AndroidManifest.xml:4:5-81
11-->src/main/AndroidManifest.xml:4:22-78
12    <uses-permission android:name="android.permission.READ_EXTERNAL_STORAGE" />
12-->src/main/AndroidManifest.xml:5:5-80
12-->src/main/AndroidManifest.xml:5:22-77
13
14    <application
14-->src/main/AndroidManifest.xml:6:5-27:19
15        android:allowBackup="true"
15-->src/main/AndroidManifest.xml:7:9-35
16        android:appComponentFactory="androidx.core.app.CoreComponentFactory"
16-->[androidx.core:core:1.0.1] AndroidManifest.xml:22:18-86
17        android:debuggable="true"
18        android:icon="@mipmap/ic_launcher"
18-->src/main/AndroidManifest.xml:8:9-43
19        android:label="@string/app_name"
19-->src/main/AndroidManifest.xml:9:9-41
20        android:roundIcon="@mipmap/ic_launcher_round"
20-->src/main/AndroidManifest.xml:10:9-54
21        android:supportsRtl="true"
21-->src/main/AndroidManifest.xml:11:9-35
22        android:testOnly="true"
23        android:theme="@style/AppTheme" >
23-->src/main/AndroidManifest.xml:12:9-40
24        <activity
24-->src/main/AndroidManifest.xml:13:9-16:20
25            android:name="com.fdu.todolist.NewListActivity"
25-->src/main/AndroidManifest.xml:14:13-44
26            android:label="@string/create_list" >
26-->src/main/AndroidManifest.xml:15:13-48
27        </activity>
28        <activity
28-->src/main/AndroidManifest.xml:17:9-26:20
29            android:name="com.fdu.todolist.MainActivity"
29-->src/main/AndroidManifest.xml:18:13-41
30            android:label="@string/app_name"
30-->src/main/AndroidManifest.xml:19:13-45
31            android:theme="@style/AppTheme.NoActionBar" >
31-->src/main/AndroidManifest.xml:20:13-56
32            <intent-filter>
32-->src/main/AndroidManifest.xml:21:13-25:29
33                <action android:name="android.intent.action.MAIN" />
33-->src/main/AndroidManifest.xml:22:17-69
33-->src/main/AndroidManifest.xml:22:25-66
34
35                <category android:name="android.intent.category.LAUNCHER" />
35-->src/main/AndroidManifest.xml:24:17-77
35-->src/main/AndroidManifest.xml:24:27-74
36            </intent-filter>
37        </activity>
38    </application>
39
40</manifest>